2024-05-28 17:35:10.2427|INFO|MultiFunPlayer|Environment [OSVersion: Microsoft Windows NT 10.0.19045.0, CLRVersion: 8.0.3]
2024-05-28 17:35:10.2515|INFO|MultiFunPlayer|Assembly [Version: 1.29.4+Branch.tags-1.29.4.Sha.f18d8ae5f2ff0a7c98483806f30699b0eeca81f2]
2024-05-28 17:35:10.2515|INFO|MultiFunPlayer|Config [Version: 27]
2024-05-28 17:35:10.2515|INFO|MultiFunPlayer|Timer [IsHighResolution: True, Frequency: 10000000]
2024-05-28 17:35:10.2515|INFO|MultiFunPlayer|Set working directory to "D:\src\Voxta.MFP-Alpha.117\mfp"
2024-05-28 17:35:10.3295|INFO|MultiFunPlayer.Settings.SettingsHelper|Reading settings from "MultiFunPlayer.config.json"
2024-05-28 17:35:13.5174|INFO|MultiFunPlayer.OutputTarget.ViewModels.UdpOutputTarget|Connecting to UDP/0 at "udp://localhost:8000"
2024-05-28 17:35:13.5174|INFO|MultiFunPlayer.MediaSource.ViewModels.InternalMediaSource|Connecting to Internal
2024-05-28 17:35:13.6296|INFO|MultiFunPlayer.OutputTarget.ViewModels.ButtplugOutputTarget|Connecting to Buttplug.io/0 at "ws://127.0.0.1:12345"
2024-05-28 17:35:13.6540|INFO|MultiFunPlayer.OutputTarget.ViewModels.ButtplugOutputTarget|Device added: "The Handy"
2024-05-28 17:35:13.8703|INFO|MultiFunPlayer.UI.Controls.ViewModels.ScriptViewModel|Received ChangeScriptMessage [Axes: L0, L1, L2, R0, R1, R2]
2024-05-28 17:35:13.8806|INFO|MultiFunPlayer.UI.Controls.ViewModels.ScriptViewModel|Received ChangeScriptMessage [Axes: L0]
2024-05-28 17:35:13.8806|INFO|MultiFunPlayer.UI.Controls.ViewModels.ScriptViewModel|Set L0 script to "deepthroat.funscript" from "D:\src\Voxta.MFP-Alpha.117\scripts"
2024-05-28 17:35:13.8806|INFO|MultiFunPlayer.UI.Controls.ViewModels.ScriptViewModel|Received MediaDurationChangedMessage [Duration: 00:00:27.5000000]
2024-05-28 17:35:21.9777|INFO|MultiFunPlayer.OutputTarget.ViewModels.UdpOutputTarget|Connecting to UDP/1 at "udp://localhost:8889"
2024-05-28 17:35:48.0658|INFO|MultiFunPlayer.UI.Controls.ViewModels.ScriptViewModel|Received ChangeScriptMessage [Axes: L0, L1, L2, R0, R1, R2]
2024-05-28 17:35:48.0658|INFO|MultiFunPlayer.UI.Controls.ViewModels.ScriptViewModel|Received ChangeScriptMessage [Axes: L0]
2024-05-28 17:35:48.0658|INFO|MultiFunPlayer.UI.Controls.ViewModels.ScriptViewModel|Set L0 script to "medium_deepthroat.funscript" from "D:\src\Voxta.MFP-Alpha.117\scripts"
2024-05-28 17:35:48.0658|INFO|MultiFunPlayer.UI.Controls.ViewModels.ScriptViewModel|Received MediaDurationChangedMessage [Duration: 00:00:29.3850000]
2024-05-28 17:35:48.0658|INFO|MultiFunPlayer.UI.Controls.ViewModels.ScriptViewModel|Received MediaPlayingChangedMessage [IsPlaying: True]
2024-05-28 17:37:41.0686|INFO|MultiFunPlayer.UI.Controls.ViewModels.ScriptViewModel|Received ChangeScriptMessage [Axes: L0, L1, L2, R0, R1, R2]
2024-05-28 17:37:41.0686|INFO|MultiFunPlayer.UI.Controls.ViewModels.ScriptViewModel|Received ChangeScriptMessage [Axes: L0]
2024-05-28 17:37:41.0686|INFO|MultiFunPlayer.UI.Controls.ViewModels.ScriptViewModel|Set L0 script to "deepthroat.funscript" from "D:\src\Voxta.MFP-Alpha.117\scripts"
2024-05-28 17:37:41.0686|INFO|MultiFunPlayer.UI.Controls.ViewModels.ScriptViewModel|Received MediaDurationChangedMessage [Duration: 00:00:27.5000000]
2024-05-28 17:39:31.3685|INFO|MultiFunPlayer.UI.Controls.ViewModels.ScriptViewModel|Received ChangeScriptMessage [Axes: L0, L1, L2, R0, R1, R2]
2024-05-28 17:39:31.3685|INFO|MultiFunPlayer.UI.Controls.ViewModels.ScriptViewModel|Received ChangeScriptMessage [Axes: L0]
2024-05-28 17:39:31.3771|INFO|MultiFunPlayer.UI.Controls.ViewModels.ScriptViewModel|Set L0 script to "facefuck.funscript" from "D:\src\Voxta.MFP-Alpha.117\scripts"
2024-05-28 17:39:31.3771|INFO|MultiFunPlayer.UI.Controls.ViewModels.ScriptViewModel|Received MediaDurationChangedMessage [Duration: 00:00:20.1330000]
2024-05-28 17:40:32.3855|INFO|MultiFunPlayer.Settings.SettingsHelper|Reading settings from "MultiFunPlayer.config.json"
2024-05-28 17:40:32.4187|INFO|MultiFunPlayer.Settings.SettingsHelper|Saving settings to "MultiFunPlayer.config.json"
2024-05-28 17:40:32.4600|INFO|MultiFunPlayer.OutputTarget.ViewModels.ButtplugOutputTarget|Device removed: "The Handy"
