2024-05-28 21:05:18.2779|INFO|MultiFunPlayer|Environment [OSVersion: Microsoft Windows NT 10.0.19045.0, CLRVersion: 8.0.3]
2024-05-28 21:05:18.2855|INFO|MultiFunPlayer|Assembly [Version: 1.29.4+Branch.tags-1.29.4.Sha.f18d8ae5f2ff0a7c98483806f30699b0eeca81f2]
2024-05-28 21:05:18.2855|INFO|MultiFunPlayer|Config [Version: 27]
2024-05-28 21:05:18.2855|INFO|MultiFunPlayer|Timer [IsHighResolution: True, Frequency: 10000000]
2024-05-28 21:05:18.2855|INFO|MultiFunPlayer|Set working directory to "D:\src\Voxta.MFP-Alpha.117\mfp"
2024-05-28 21:05:18.3552|INFO|MultiFunPlayer.Settings.SettingsHelper|Reading settings from "MultiFunPlayer.config.json"
2024-05-28 21:05:21.4720|INFO|MultiFunPlayer.OutputTarget.ViewModels.UdpOutputTarget|Connecting to UDP/0 at "udp://localhost:8000"
2024-05-28 21:05:21.4720|INFO|MultiFunPlayer.MediaSource.ViewModels.InternalMediaSource|Connecting to Internal
2024-05-28 21:05:21.8195|INFO|MultiFunPlayer.UI.Controls.ViewModels.ScriptViewModel|Received ChangeScriptMessage [Axes: L0, L1, L2, R0, R1, R2]
2024-05-28 21:05:21.8321|INFO|MultiFunPlayer.UI.Controls.ViewModels.ScriptViewModel|Received ChangeScriptMessage [Axes: L0]
2024-05-28 21:05:21.8321|INFO|MultiFunPlayer.UI.Controls.ViewModels.ScriptViewModel|Set L0 script to "deepthroat.funscript" from "D:\src\Voxta.MFP-Alpha.117\scripts"
2024-05-28 21:05:21.8321|INFO|MultiFunPlayer.UI.Controls.ViewModels.ScriptViewModel|Received MediaDurationChangedMessage [Duration: 00:00:27.5000000]
2024-05-28 21:05:32.7194|INFO|MultiFunPlayer.OutputTarget.ViewModels.ButtplugOutputTarget|Connecting to Buttplug.io/0 at "ws://127.0.0.1:12345"
2024-05-28 21:05:32.7436|INFO|MultiFunPlayer.OutputTarget.ViewModels.ButtplugOutputTarget|Device added: "The Handy"
2024-05-28 21:07:09.0198|INFO|MultiFunPlayer.UI.Controls.ViewModels.ScriptViewModel|Received ChangeScriptMessage [Axes: L0, L1, L2, R0, R1, R2]
2024-05-28 21:07:09.0198|INFO|MultiFunPlayer.UI.Controls.ViewModels.ScriptViewModel|Received ChangeScriptMessage [Axes: L0]
2024-05-28 21:07:09.0198|INFO|MultiFunPlayer.UI.Controls.ViewModels.ScriptViewModel|Set L0 script to "medium_deepthroat.funscript" from "D:\src\Voxta.MFP-Alpha.117\scripts"
2024-05-28 21:07:09.0198|INFO|MultiFunPlayer.UI.Controls.ViewModels.ScriptViewModel|Received MediaDurationChangedMessage [Duration: 00:00:29.3850000]
2024-05-28 21:07:09.0198|INFO|MultiFunPlayer.UI.Controls.ViewModels.ScriptViewModel|Received MediaPlayingChangedMessage [IsPlaying: True]
2024-05-28 21:07:46.5225|INFO|MultiFunPlayer.UI.Controls.ViewModels.ScriptViewModel|Received ChangeScriptMessage [Axes: L0, L1, L2, R0, R1, R2]
2024-05-28 21:07:46.5225|INFO|MultiFunPlayer.UI.Controls.ViewModels.ScriptViewModel|Received ChangeScriptMessage [Axes: L0]
2024-05-28 21:07:46.5225|INFO|MultiFunPlayer.UI.Controls.ViewModels.ScriptViewModel|Set L0 script to "deepthroat.funscript" from "D:\src\Voxta.MFP-Alpha.117\scripts"
2024-05-28 21:07:46.5225|INFO|MultiFunPlayer.UI.Controls.ViewModels.ScriptViewModel|Received MediaDurationChangedMessage [Duration: 00:00:27.5000000]
2024-05-28 21:08:18.1235|INFO|MultiFunPlayer.UI.Controls.ViewModels.ScriptViewModel|Received ChangeScriptMessage [Axes: L0, L1, L2, R0, R1, R2]
2024-05-28 21:08:18.1235|INFO|MultiFunPlayer.UI.Controls.ViewModels.ScriptViewModel|Received ChangeScriptMessage [Axes: L0]
2024-05-28 21:08:18.1235|INFO|MultiFunPlayer.UI.Controls.ViewModels.ScriptViewModel|Set L0 script to "medium_deepthroat.funscript" from "D:\src\Voxta.MFP-Alpha.117\scripts"
2024-05-28 21:08:18.1235|INFO|MultiFunPlayer.UI.Controls.ViewModels.ScriptViewModel|Received MediaDurationChangedMessage [Duration: 00:00:29.3850000]
2024-05-28 21:08:57.0229|INFO|MultiFunPlayer.UI.Controls.ViewModels.ScriptViewModel|Received ChangeScriptMessage [Axes: L0, L1, L2, R0, R1, R2]
2024-05-28 21:08:57.0229|INFO|MultiFunPlayer.UI.Controls.ViewModels.ScriptViewModel|Received ChangeScriptMessage [Axes: L0]
2024-05-28 21:08:57.0229|INFO|MultiFunPlayer.UI.Controls.ViewModels.ScriptViewModel|Set L0 script to "facefuck.funscript" from "D:\src\Voxta.MFP-Alpha.117\scripts"
2024-05-28 21:08:57.0229|INFO|MultiFunPlayer.UI.Controls.ViewModels.ScriptViewModel|Received MediaDurationChangedMessage [Duration: 00:00:20.1330000]
2024-05-28 21:10:23.5227|INFO|MultiFunPlayer.UI.Controls.ViewModels.ScriptViewModel|Received ChangeScriptMessage [Axes: L0, L1, L2, R0, R1, R2]
2024-05-28 21:10:23.5227|INFO|MultiFunPlayer.UI.Controls.ViewModels.ScriptViewModel|Received ChangeScriptMessage [Axes: L0]
2024-05-28 21:10:23.5227|INFO|MultiFunPlayer.UI.Controls.ViewModels.ScriptViewModel|Set L0 script to "deepthroat.funscript" from "D:\src\Voxta.MFP-Alpha.117\scripts"
2024-05-28 21:10:23.5227|INFO|MultiFunPlayer.UI.Controls.ViewModels.ScriptViewModel|Received MediaDurationChangedMessage [Duration: 00:00:27.5000000]
2024-05-28 21:11:38.8228|INFO|MultiFunPlayer.UI.Controls.ViewModels.ScriptViewModel|Received ChangeScriptMessage [Axes: L0, L1, L2, R0, R1, R2]
2024-05-28 21:11:38.8228|INFO|MultiFunPlayer.UI.Controls.ViewModels.ScriptViewModel|Received ChangeScriptMessage [Axes: L0]
2024-05-28 21:11:38.8269|INFO|MultiFunPlayer.UI.Controls.ViewModels.ScriptViewModel|Set L0 script to "medium_deepthroat.funscript" from "D:\src\Voxta.MFP-Alpha.117\scripts"
2024-05-28 21:11:38.8269|INFO|MultiFunPlayer.UI.Controls.ViewModels.ScriptViewModel|Received MediaDurationChangedMessage [Duration: 00:00:29.3850000]
2024-05-28 21:12:04.1226|INFO|MultiFunPlayer.UI.Controls.ViewModels.ScriptViewModel|Received ChangeScriptMessage [Axes: L0, L1, L2, R0, R1, R2]
2024-05-28 21:12:04.1226|INFO|MultiFunPlayer.UI.Controls.ViewModels.ScriptViewModel|Received ChangeScriptMessage [Axes: L0]
2024-05-28 21:12:04.1226|INFO|MultiFunPlayer.UI.Controls.ViewModels.ScriptViewModel|Set L0 script to "facefuck.funscript" from "D:\src\Voxta.MFP-Alpha.117\scripts"
2024-05-28 21:12:04.1226|INFO|MultiFunPlayer.UI.Controls.ViewModels.ScriptViewModel|Received MediaDurationChangedMessage [Duration: 00:00:20.1330000]
2024-05-28 21:13:55.6227|INFO|MultiFunPlayer.UI.Controls.ViewModels.ScriptViewModel|Received ChangeScriptMessage [Axes: L0, L1, L2, R0, R1, R2]
2024-05-28 21:13:55.6227|INFO|MultiFunPlayer.UI.Controls.ViewModels.ScriptViewModel|Received ChangeScriptMessage [Axes: L0]
2024-05-28 21:13:55.6227|INFO|MultiFunPlayer.UI.Controls.ViewModels.ScriptViewModel|Set L0 script to "deepthroat.funscript" from "D:\src\Voxta.MFP-Alpha.117\scripts"
2024-05-28 21:13:55.6227|INFO|MultiFunPlayer.UI.Controls.ViewModels.ScriptViewModel|Received MediaDurationChangedMessage [Duration: 00:00:27.5000000]
2024-05-28 21:14:16.5228|INFO|MultiFunPlayer.UI.Controls.ViewModels.ScriptViewModel|Received ChangeScriptMessage [Axes: L0, L1, L2, R0, R1, R2]
2024-05-28 21:14:16.5228|INFO|MultiFunPlayer.UI.Controls.ViewModels.ScriptViewModel|Received ChangeScriptMessage [Axes: L0]
2024-05-28 21:14:16.5292|INFO|MultiFunPlayer.UI.Controls.ViewModels.ScriptViewModel|Set L0 script to "facefuck.funscript" from "D:\src\Voxta.MFP-Alpha.117\scripts"
2024-05-28 21:14:16.5292|INFO|MultiFunPlayer.UI.Controls.ViewModels.ScriptViewModel|Received MediaDurationChangedMessage [Duration: 00:00:20.1330000]
2024-05-28 21:14:52.4240|INFO|MultiFunPlayer.UI.Controls.ViewModels.ScriptViewModel|Received ChangeScriptMessage [Axes: L0, L1, L2, R0, R1, R2]
2024-05-28 21:14:52.4240|INFO|MultiFunPlayer.UI.Controls.ViewModels.ScriptViewModel|Received ChangeScriptMessage [Axes: L0]
2024-05-28 21:14:52.4240|INFO|MultiFunPlayer.UI.Controls.ViewModels.ScriptViewModel|Set L0 script to "medium_deepthroat.funscript" from "D:\src\Voxta.MFP-Alpha.117\scripts"
2024-05-28 21:14:52.4240|INFO|MultiFunPlayer.UI.Controls.ViewModels.ScriptViewModel|Received MediaDurationChangedMessage [Duration: 00:00:29.3850000]
2024-05-28 21:15:39.1231|INFO|MultiFunPlayer.UI.Controls.ViewModels.ScriptViewModel|Received ChangeScriptMessage [Axes: L0, L1, L2, R0, R1, R2]
2024-05-28 21:15:39.1231|INFO|MultiFunPlayer.UI.Controls.ViewModels.ScriptViewModel|Received ChangeScriptMessage [Axes: L0]
2024-05-28 21:15:39.1231|INFO|MultiFunPlayer.UI.Controls.ViewModels.ScriptViewModel|Set L0 script to "deepthroat.funscript" from "D:\src\Voxta.MFP-Alpha.117\scripts"
2024-05-28 21:15:39.1231|INFO|MultiFunPlayer.UI.Controls.ViewModels.ScriptViewModel|Received MediaDurationChangedMessage [Duration: 00:00:27.5000000]
2024-05-28 21:16:09.7229|INFO|MultiFunPlayer.UI.Controls.ViewModels.ScriptViewModel|Received ChangeScriptMessage [Axes: L0, L1, L2, R0, R1, R2]
2024-05-28 21:16:09.7229|INFO|MultiFunPlayer.UI.Controls.ViewModels.ScriptViewModel|Received ChangeScriptMessage [Axes: L0]
2024-05-28 21:16:09.7229|INFO|MultiFunPlayer.UI.Controls.ViewModels.ScriptViewModel|Set L0 script to "facefuck.funscript" from "D:\src\Voxta.MFP-Alpha.117\scripts"
2024-05-28 21:16:09.7229|INFO|MultiFunPlayer.UI.Controls.ViewModels.ScriptViewModel|Received MediaDurationChangedMessage [Duration: 00:00:20.1330000]
2024-05-28 21:16:45.6223|INFO|MultiFunPlayer.UI.Controls.ViewModels.ScriptViewModel|Received ChangeScriptMessage [Axes: L0, L1, L2, R0, R1, R2]
2024-05-28 21:16:45.6223|INFO|MultiFunPlayer.UI.Controls.ViewModels.ScriptViewModel|Received ChangeScriptMessage [Axes: L0]
2024-05-28 21:16:45.6223|INFO|MultiFunPlayer.UI.Controls.ViewModels.ScriptViewModel|Set L0 script to "deepthroat.funscript" from "D:\src\Voxta.MFP-Alpha.117\scripts"
2024-05-28 21:16:45.6223|INFO|MultiFunPlayer.UI.Controls.ViewModels.ScriptViewModel|Received MediaDurationChangedMessage [Duration: 00:00:27.5000000]
2024-05-28 21:17:15.2811|INFO|MultiFunPlayer|toggled!
2024-05-28 21:17:15.3227|INFO|MultiFunPlayer.UI.Controls.ViewModels.ScriptViewModel|Received MediaPlayingChangedMessage [IsPlaying: False]
2024-05-28 21:17:31.1142|INFO|MultiFunPlayer.Settings.SettingsHelper|Reading settings from "MultiFunPlayer.config.json"
2024-05-28 21:17:31.1393|INFO|MultiFunPlayer.Settings.SettingsHelper|Saving settings to "MultiFunPlayer.config.json"
2024-05-28 21:17:31.1828|INFO|MultiFunPlayer.OutputTarget.ViewModels.ButtplugOutputTarget|Device removed: "The Handy"
