2024-05-28 20:26:44.5458|INFO|MultiFunPlayer|Environment [OSVersion: Microsoft Windows NT 10.0.19045.0, CLRVersion: 8.0.3]
2024-05-28 20:26:44.5617|INFO|MultiFunPlayer|Assembly [Version: 1.29.4+Branch.tags-1.29.4.Sha.f18d8ae5f2ff0a7c98483806f30699b0eeca81f2]
2024-05-28 20:26:44.5617|INFO|MultiFunPlayer|Config [Version: 27]
2024-05-28 20:26:44.5617|INFO|MultiFunPlayer|Timer [IsHighResolution: True, Frequency: 10000000]
2024-05-28 20:26:44.5617|INFO|MultiFunPlayer|Set working directory to "D:\src\Voxta.MFP-Alpha.117\mfp"
2024-05-28 20:26:44.6382|INFO|MultiFunPlayer.Settings.SettingsHelper|Reading settings from "MultiFunPlayer.config.json"
2024-05-28 20:26:47.8274|INFO|MultiFunPlayer.OutputTarget.ViewModels.UdpOutputTarget|Connecting to UDP/0 at "udp://localhost:8000"
2024-05-28 20:26:47.8274|INFO|MultiFunPlayer.MediaSource.ViewModels.InternalMediaSource|Connecting to Internal
2024-05-28 20:26:48.1801|INFO|MultiFunPlayer.UI.Controls.ViewModels.ScriptViewModel|Received ChangeScriptMessage [Axes: L0, L1, L2, R0, R1, R2]
2024-05-28 20:26:48.1916|INFO|MultiFunPlayer.UI.Controls.ViewModels.ScriptViewModel|Received ChangeScriptMessage [Axes: L0]
2024-05-28 20:26:48.1916|INFO|MultiFunPlayer.UI.Controls.ViewModels.ScriptViewModel|Set L0 script to "deepthroat.funscript" from "D:\src\Voxta.MFP-Alpha.117\scripts"
2024-05-28 20:26:48.1916|INFO|MultiFunPlayer.UI.Controls.ViewModels.ScriptViewModel|Received MediaDurationChangedMessage [Duration: 00:00:27.5000000]
2024-05-28 20:26:52.8115|INFO|MultiFunPlayer.OutputTarget.ViewModels.UdpOutputTarget|Connecting to UDP/1 at "udp://localhost:8889"
2024-05-28 20:27:01.7388|INFO|MultiFunPlayer.OutputTarget.ViewModels.ButtplugOutputTarget|Connecting to Buttplug.io/0 at "ws://127.0.0.1:12345"
2024-05-28 20:27:01.7689|INFO|MultiFunPlayer.OutputTarget.ViewModels.ButtplugOutputTarget|Device added: "The Handy"
2024-05-28 20:27:30.0775|INFO|MultiFunPlayer.UI.Controls.ViewModels.ScriptViewModel|Received ChangeScriptMessage [Axes: L0, L1, L2, R0, R1, R2]
2024-05-28 20:27:30.0775|INFO|MultiFunPlayer.UI.Controls.ViewModels.ScriptViewModel|Received ChangeScriptMessage [Axes: L0]
2024-05-28 20:27:30.0775|INFO|MultiFunPlayer.UI.Controls.ViewModels.ScriptViewModel|Set L0 script to "tease01.funscript" from "D:\src\Voxta.MFP-Alpha.117\scripts"
2024-05-28 20:27:30.0775|INFO|MultiFunPlayer.UI.Controls.ViewModels.ScriptViewModel|Received MediaDurationChangedMessage [Duration: 00:00:12.7000000]
2024-05-28 20:27:30.0775|INFO|MultiFunPlayer.UI.Controls.ViewModels.ScriptViewModel|Received MediaPlayingChangedMessage [IsPlaying: True]
2024-05-28 20:27:58.5633|INFO|MultiFunPlayer.OutputTarget.ViewModels.ButtplugOutputTarget|Device removed: "The Handy"
2024-05-28 20:28:15.8196|INFO|MultiFunPlayer.OutputTarget.ViewModels.ButtplugOutputTarget|Connecting to Buttplug.io/0 at "ws://127.0.0.1:12345"
2024-05-28 20:28:15.8196|INFO|MultiFunPlayer.OutputTarget.ViewModels.ButtplugOutputTarget|Device added: "The Handy"
2024-05-28 20:37:08.5785|INFO|MultiFunPlayer.UI.Controls.ViewModels.ScriptViewModel|Received ChangeScriptMessage [Axes: L0, L1, L2, R0, R1, R2]
2024-05-28 20:37:08.5785|INFO|MultiFunPlayer.UI.Controls.ViewModels.ScriptViewModel|Received ChangeScriptMessage [Axes: L0]
2024-05-28 20:37:08.5785|INFO|MultiFunPlayer.UI.Controls.ViewModels.ScriptViewModel|Set L0 script to "suck01.funscript" from "D:\src\Voxta.MFP-Alpha.117\scripts"
2024-05-28 20:37:08.5785|INFO|MultiFunPlayer.UI.Controls.ViewModels.ScriptViewModel|Received MediaDurationChangedMessage [Duration: 00:00:24]
2024-05-28 20:38:30.4777|INFO|MultiFunPlayer.UI.Controls.ViewModels.ScriptViewModel|Received ChangeScriptMessage [Axes: L0, L1, L2, R0, R1, R2]
2024-05-28 20:38:30.4777|INFO|MultiFunPlayer.UI.Controls.ViewModels.ScriptViewModel|Received ChangeScriptMessage [Axes: L0]
2024-05-28 20:38:30.4819|INFO|MultiFunPlayer.UI.Controls.ViewModels.ScriptViewModel|Set L0 script to "medium_deepthroat.funscript" from "D:\src\Voxta.MFP-Alpha.117\scripts"
2024-05-28 20:38:30.4819|INFO|MultiFunPlayer.UI.Controls.ViewModels.ScriptViewModel|Received MediaDurationChangedMessage [Duration: 00:00:29.3850000]
2024-05-28 20:39:21.1776|INFO|MultiFunPlayer.UI.Controls.ViewModels.ScriptViewModel|Received ChangeScriptMessage [Axes: L0, L1, L2, R0, R1, R2]
2024-05-28 20:39:21.1776|INFO|MultiFunPlayer.UI.Controls.ViewModels.ScriptViewModel|Received ChangeScriptMessage [Axes: L0]
2024-05-28 20:39:21.1869|INFO|MultiFunPlayer.UI.Controls.ViewModels.ScriptViewModel|Set L0 script to "deepthroat.funscript" from "D:\src\Voxta.MFP-Alpha.117\scripts"
2024-05-28 20:39:21.1869|INFO|MultiFunPlayer.UI.Controls.ViewModels.ScriptViewModel|Received MediaDurationChangedMessage [Duration: 00:00:27.5000000]
2024-05-28 20:41:13.1781|INFO|MultiFunPlayer.UI.Controls.ViewModels.ScriptViewModel|Received ChangeScriptMessage [Axes: L0, L1, L2, R0, R1, R2]
2024-05-28 20:41:13.1781|INFO|MultiFunPlayer.UI.Controls.ViewModels.ScriptViewModel|Received ChangeScriptMessage [Axes: L0]
2024-05-28 20:41:13.1781|INFO|MultiFunPlayer.UI.Controls.ViewModels.ScriptViewModel|Set L0 script to "medium_deepthroat.funscript" from "D:\src\Voxta.MFP-Alpha.117\scripts"
2024-05-28 20:41:13.1781|INFO|MultiFunPlayer.UI.Controls.ViewModels.ScriptViewModel|Received MediaDurationChangedMessage [Duration: 00:00:29.3850000]
2024-05-28 20:46:15.1776|INFO|MultiFunPlayer.UI.Controls.ViewModels.ScriptViewModel|Received ChangeScriptMessage [Axes: L0, L1, L2, R0, R1, R2]
2024-05-28 20:46:15.1776|INFO|MultiFunPlayer.UI.Controls.ViewModels.ScriptViewModel|Received ChangeScriptMessage [Axes: L0]
2024-05-28 20:46:15.1776|INFO|MultiFunPlayer.UI.Controls.ViewModels.ScriptViewModel|Set L0 script to "facefuck.funscript" from "D:\src\Voxta.MFP-Alpha.117\scripts"
2024-05-28 20:46:15.1776|INFO|MultiFunPlayer.UI.Controls.ViewModels.ScriptViewModel|Received MediaDurationChangedMessage [Duration: 00:00:20.1330000]
